Arguments: 
  /Users/ivan/.nvm/versions/node/v10.9.0/bin/node /usr/local/Cellar/yarn/1.9.2/libexec/bin/yarn.js install

PATH: 
  /usr/local/go/bin:/Users/ivan/go/bin:/Users/ivan/.nvm/versions/node/v10.9.0/bin:/Users/ivan/.rvm/bin:/usr/local/bin/python3.6:/usr/local/bin:/usr/bin:/bin:/usr/sbin:/sbin:/Library/TeX/texbin:/usr/local/go/bin:/usr/local/share/dotnet:/opt/X11/bin:~/.dotnet/tools:/Library/Frameworks/Mono.framework/Versions/Current/Commands:/Applications/Wireshark.app/Contents/MacOS

Yarn version: 
  1.9.2

Node version: 
  10.9.0

Platform: 
  darwin x64

Trace: 
  SyntaxError: /Users/ivan/Workspace/Wesovilabs/graphql-ninja/package.json: Unexpected token } in JSON at position 474
      at JSON.parse (<anonymous>)
      at /usr/local/Cellar/yarn/1.9.2/libexec/lib/cli.js:1130:59
      at Generator.next (<anonymous>)
      at step (/usr/local/Cellar/yarn/1.9.2/libexec/lib/cli.js:92:30)
      at /usr/local/Cellar/yarn/1.9.2/libexec/lib/cli.js:103:13

npm manifest: 
  {
    "name": "graphql-ninja",
    "version": "1.0.0",
    "description": "",
    "main": "index.js",
    "author": "Iván Corrales Solera <ivan.corrales.solera@gmail.com>",
    "license": "MIT",
    "scripts": {
      "start": "node index.js",
      "dev": "nodemon index.js"
    },
    "dependencies": {
      "apollo-server-koa": "^2.3.1",
      "convict": "^4.4.1",
      "dotenv": "^6.2.0",
      "graphql": "^14.1.0",
      "graphql-import": "^0.7.1",
      "koa": "^2.6.2",
      "mongoose": "^5.4.4",
    },
    "devDependencies": {
      "eslint": "^5.12.0",
      "nodemon": "^1.18.9"
    }
  }

yarn manifest: 
  No manifest

Lockfile: 
  No lockfile
